<?xml version="1.0" encoding="UTF-8"?>
<!-- Generated by org.testng.reporters.JUnitXMLReporter -->
<testsuite ignored="2" hostname="AS101353" failures="1" tests="2" name="Default test" time="71.938" errors="0" timestamp="2023-01-07T02:38:26 CST">
  <testcase classname="tests.LoginTest" name="loginTest" time="19.806"/>
  <testcase classname="tests.LoginTest" name="loginTest" time="30.013">
    <failure type="com.microsoft.playwright.TimeoutError" message="Error {
  message=&amp;apos;Timeout 30000ms exceeded.
=========================== logs ===========================
waiting for locator(&amp;quot;xpath=//input[@id=&amp;apos;username&amp;apos;]&amp;quot;)
============================================================
  name=&amp;apos;TimeoutError
  stack=&amp;apos;TimeoutError: Timeout 30000ms exceeded.
=========================== logs ===========================
waiting for locator(&amp;quot;xpath=//input[@id=&amp;apos;username&amp;apos;]&amp;quot;)
============================================================
    at ProgressController.run (C:\Users\ALEXAN~1\AppData\Local\Temp\playwright-java-5167369040714750483\package\lib\server\progress.js:93:26)
    at Frame.fill (C:\Users\ALEXAN~1\AppData\Local\Temp\playwright-java-5167369040714750483\package\lib\server\frames.js:988:23)
    at FrameDispatcher.fill (C:\Users\ALEXAN~1\AppData\Local\Temp\playwright-java-5167369040714750483\package\lib\server\dispatchers\frameDispatcher.js:158:30)
    at DispatcherConnection.dispatch (C:\Users\ALEXAN~1\AppData\Local\Temp\playwright-java-5167369040714750483\package\lib\server\dispatchers\dispatcher.js:317:46)
}">
      <![CDATA[com.microsoft.playwright.TimeoutError: Error {
  message='Timeout 30000ms exceeded.
=========================== logs ===========================
waiting for locator("xpath=//input[@id='username']")
============================================================
  name='TimeoutError
  stack='TimeoutError: Timeout 30000ms exceeded.
=========================== logs ===========================
waiting for locator("xpath=//input[@id='username']")
============================================================
    at ProgressController.run (C:\Users\ALEXAN~1\AppData\Local\Temp\playwright-java-5167369040714750483\package\lib\server\progress.js:93:26)
    at Frame.fill (C:\Users\ALEXAN~1\AppData\Local\Temp\playwright-java-5167369040714750483\package\lib\server\frames.js:988:23)
    at FrameDispatcher.fill (C:\Users\ALEXAN~1\AppData\Local\Temp\playwright-java-5167369040714750483\package\lib\server\dispatchers\frameDispatcher.js:158:30)
    at DispatcherConnection.dispatch (C:\Users\ALEXAN~1\AppData\Local\Temp\playwright-java-5167369040714750483\package\lib\server\dispatchers\dispatcher.js:317:46)
}
at com.microsoft.playwright.impl.WaitableResult.get(WaitableResult.java:52)
at com.microsoft.playwright.impl.ChannelOwner.runUntil(ChannelOwner.java:111)
at com.microsoft.playwright.impl.Connection.sendMessage(Connection.java:119)
at com.microsoft.playwright.impl.ChannelOwner.sendMessage(ChannelOwner.java:102)
at com.microsoft.playwright.impl.FrameImpl.fillImpl(FrameImpl.java:339)
at com.microsoft.playwright.impl.PageImpl.lambda$fill$27(PageImpl.java:679)
at com.microsoft.playwright.impl.LoggingSupport.lambda$withLogging$0(LoggingSupport.java:36)
at com.microsoft.playwright.impl.LoggingSupport.withLogging(LoggingSupport.java:47)
at com.microsoft.playwright.impl.ChannelOwner.withLogging(ChannelOwner.java:87)
at com.microsoft.playwright.impl.LoggingSupport.withLogging(LoggingSupport.java:35)
at com.microsoft.playwright.impl.PageImpl.fill(PageImpl.java:678)
at com.microsoft.playwright.Page.fill(Page.java:4398)
at pages.LoginPage.doLogin(LoginPage.java:35)
at tests.LoginTest.loginTest(LoginTest.java:68)
at java.base/jdk.internal.reflect.NativeMethodAccessorImpl.invoke0(Native Method)
at java.base/jdk.internal.reflect.NativeMethodAccessorImpl.invoke(NativeMethodAccessorImpl.java:77)
at java.base/jdk.internal.reflect.DelegatingMethodAccessorImpl.invoke(DelegatingMethodAccessorImpl.java:43)
at java.base/java.lang.reflect.Method.invoke(Method.java:568)
at org.testng.internal.invokers.MethodInvocationHelper.invokeMethod(MethodInvocationHelper.java:139)
at org.testng.internal.invokers.TestInvoker.invokeMethod(TestInvoker.java:677)
at org.testng.internal.invokers.TestInvoker.invokeTestMethod(TestInvoker.java:221)
at org.testng.internal.invokers.MethodRunner.runInSequence(MethodRunner.java:50)
at org.testng.internal.invokers.TestInvoker$MethodInvocationAgent.invoke(TestInvoker.java:969)
at org.testng.internal.invokers.TestInvoker.invokeTestMethods(TestInvoker.java:194)
at org.testng.internal.invokers.TestMethodWorker.invokeTestMethods(TestMethodWorker.java:148)
at org.testng.internal.invokers.TestMethodWorker.run(TestMethodWorker.java:128)
at java.base/java.util.ArrayList.forEach(ArrayList.java:1511)
at org.testng.TestRunner.privateRun(TestRunner.java:829)
at org.testng.TestRunner.run(TestRunner.java:602)
at org.testng.SuiteRunner.runTest(SuiteRunner.java:437)
at org.testng.SuiteRunner.runSequentially(SuiteRunner.java:431)
at org.testng.SuiteRunner.privateRun(SuiteRunner.java:391)
at org.testng.SuiteRunner.run(SuiteRunner.java:330)
at org.testng.SuiteRunnerWorker.runSuite(SuiteRunnerWorker.java:52)
at org.testng.SuiteRunnerWorker.run(SuiteRunnerWorker.java:95)
at org.testng.TestNG.runSuitesSequentially(TestNG.java:1256)
at org.testng.TestNG.runSuitesLocally(TestNG.java:1176)
at org.testng.TestNG.runSuites(TestNG.java:1099)
at org.testng.TestNG.run(TestNG.java:1067)
at org.testng.remote.AbstractRemoteTestNG.run(AbstractRemoteTestNG.java:115)
at org.testng.remote.RemoteTestNG.initAndRun(RemoteTestNG.java:251)
at org.testng.remote.RemoteTestNG.main(RemoteTestNG.java:77)
Caused by: com.microsoft.playwright.TimeoutError: Error {
  message='Timeout 30000ms exceeded.
=========================== logs ===========================
waiting for locator("xpath=//input[@id='username']")
============================================================
  name='TimeoutError
  stack='TimeoutError: Timeout 30000ms exceeded.
=========================== logs ===========================
waiting for locator("xpath=//input[@id='username']")
============================================================
    at ProgressController.run (C:\Users\ALEXAN~1\AppData\Local\Temp\playwright-java-5167369040714750483\package\lib\server\progress.js:93:26)
    at Frame.fill (C:\Users\ALEXAN~1\AppData\Local\Temp\playwright-java-5167369040714750483\package\lib\server\frames.js:988:23)
    at FrameDispatcher.fill (C:\Users\ALEXAN~1\AppData\Local\Temp\playwright-java-5167369040714750483\package\lib\server\dispatchers\frameDispatcher.js:158:30)
    at DispatcherConnection.dispatch (C:\Users\ALEXAN~1\AppData\Local\Temp\playwright-java-5167369040714750483\package\lib\server\dispatchers\dispatcher.js:317:46)
}
at com.microsoft.playwright.impl.Connection.dispatch(Connection.java:199)
at com.microsoft.playwright.impl.Connection.processOneMessage(Connection.java:181)
at com.microsoft.playwright.impl.ChannelOwner.runUntil(ChannelOwner.java:109)
... 40 more
]]>
    </failure>
  </testcase> <!-- loginTest -->
  <testcase classname="tests.LoginTest" name="loginTitleTest" time="0.0">
    <ignored/>
  </testcase> <!-- loginTitleTest -->
  <testcase classname="tests.LoginTest" name="loginPageURLTest" time="0.0">
    <ignored/>
  </testcase> <!-- loginPageURLTest -->
</testsuite> <!-- Default test -->
