<?xml version="1.0" encoding="UTF-8"?>
<!-- Generated by org.testng.reporters.JUnitXMLReporter -->
<testsuite ignored="0" hostname="AS101353" failures="0" tests="5" name="Default test" time="108.336" errors="0" timestamp="2023-01-03T03:34:17 CST">
  <testcase classname="tests.LoginTest" name="doLogin" time="0.173"/>
  <testcase classname="tests.LoginTest" name="doLogin" time="0.095"/>
  <testcase classname="tests.LoginTest" name="doLogin" time="0.112"/>
  <testcase classname="tests.LoginTest" name="loginPageURLTest" time="0.005"/>
  <testcase classname="tests.LoginTest" name="loginTitleTest" time="0.006"/>
</testsuite> <!-- Default test -->
