<?xml version="1.0" encoding="UTF-8"?>
<!-- Generated by org.testng.reporters.JUnitXMLReporter -->
<testsuite ignored="0" hostname="AS101353" failures="0" tests="4" name="Login" time="60.754" errors="0" timestamp="2023-01-02T07:41:19 CST">
  <testcase classname="tests.LoginTest" name="doLogin" time="0.24"/>
  <testcase classname="tests.LoginTest" name="doLogin" time="0.19"/>
  <testcase classname="tests.LoginTest" name="loginPageURLTest" time="0.006"/>
  <testcase classname="tests.LoginTest" name="loginTitleTest" time="0.006"/>
</testsuite> <!-- Login -->
