<?xml version="1.0" encoding="UTF-8"?>
<!-- Generated by org.testng.reporters.JUnitXMLReporter -->
<testsuite ignored="0" hostname="AS101353" failures="1" tests="4" name="Login" time="108.395" errors="0" timestamp="2023-01-07T04:45:41 CST">
  <testcase classname="tests.LoginTest" name="loginPageURLTest" time="0.017"/>
  <testcase classname="tests.LoginTest" name="loginTest" time="39.061"/>
  <testcase classname="tests.LoginTest" name="loginTest" time="30.034">
    <failure type="com.microsoft.playwright.TimeoutError" message="Error {
  message=&amp;apos;Timeout 30000ms exceeded.
=========================== logs ===========================
waiting for locator(&amp;quot;xpath=//input[@id=&amp;apos;username&amp;apos;]&amp;quot;)
============================================================
  name=&amp;apos;TimeoutError
  stack=&amp;apos;TimeoutError: Timeout 30000ms exceeded.
=========================== logs ===========================
waiting for locator(&amp;quot;xpath=//input[@id=&amp;apos;username&amp;apos;]&amp;quot;)
============================================================
    at ProgressController.run (C:\Users\ALEXAN~1\AppData\Local\Temp\playwright-java-5341889720305902440\package\lib\server\progress.js:93:26)
    at Frame.fill (C:\Users\ALEXAN~1\AppData\Local\Temp\playwright-java-5341889720305902440\package\lib\server\frames.js:988:23)
    at FrameDispatcher.fill (C:\Users\ALEXAN~1\AppData\Local\Temp\playwright-java-5341889720305902440\package\lib\server\dispatchers\frameDispatcher.js:158:30)
    at DispatcherConnection.dispatch (C:\Users\ALEXAN~1\AppData\Local\Temp\playwright-java-5341889720305902440\package\lib\server\dispatchers\dispatcher.js:317:46)
}">
      <![CDATA[com.microsoft.playwright.TimeoutError: Error {
  message='Timeout 30000ms exceeded.
=========================== logs ===========================
waiting for locator("xpath=//input[@id='username']")
============================================================
  name='TimeoutError
  stack='TimeoutError: Timeout 30000ms exceeded.
=========================== logs ===========================
waiting for locator("xpath=//input[@id='username']")
============================================================
    at ProgressController.run (C:\Users\ALEXAN~1\AppData\Local\Temp\playwright-java-5341889720305902440\package\lib\server\progress.js:93:26)
    at Frame.fill (C:\Users\ALEXAN~1\AppData\Local\Temp\playwright-java-5341889720305902440\package\lib\server\frames.js:988:23)
    at FrameDispatcher.fill (C:\Users\ALEXAN~1\AppData\Local\Temp\playwright-java-5341889720305902440\package\lib\server\dispatchers\frameDispatcher.js:158:30)
    at DispatcherConnection.dispatch (C:\Users\ALEXAN~1\AppData\Local\Temp\playwright-java-5341889720305902440\package\lib\server\dispatchers\dispatcher.js:317:46)
}
at com.microsoft.playwright.impl.WaitableResult.get(WaitableResult.java:52)
at com.microsoft.playwright.impl.ChannelOwner.runUntil(ChannelOwner.java:111)
at com.microsoft.playwright.impl.Connection.sendMessage(Connection.java:119)
at com.microsoft.playwright.impl.ChannelOwner.sendMessage(ChannelOwner.java:102)
at com.microsoft.playwright.impl.FrameImpl.fillImpl(FrameImpl.java:339)
at com.microsoft.playwright.impl.PageImpl.lambda$fill$27(PageImpl.java:679)
at com.microsoft.playwright.impl.LoggingSupport.lambda$withLogging$0(LoggingSupport.java:36)
at com.microsoft.playwright.impl.LoggingSupport.withLogging(LoggingSupport.java:47)
at com.microsoft.playwright.impl.ChannelOwner.withLogging(ChannelOwner.java:87)
at com.microsoft.playwright.impl.LoggingSupport.withLogging(LoggingSupport.java:35)
at com.microsoft.playwright.impl.PageImpl.fill(PageImpl.java:678)
at com.microsoft.playwright.Page.fill(Page.java:4398)
at pages.LoginPage.doLogin(LoginPage.java:35)
at tests.LoginTest.loginTest(LoginTest.java:67)
at java.base/jdk.internal.reflect.NativeMethodAccessorImpl.invoke0(Native Method)
at java.base/jdk.internal.reflect.NativeMethodAccessorImpl.invoke(NativeMethodAccessorImpl.java:77)
at java.base/jdk.internal.reflect.DelegatingMethodAccessorImpl.invoke(DelegatingMethodAccessorImpl.java:43)
at java.base/java.lang.reflect.Method.invoke(Method.java:568)
at org.testng.internal.invokers.MethodInvocationHelper.invokeMethod(MethodInvocationHelper.java:139)
at org.testng.internal.invokers.TestInvoker.invokeMethod(TestInvoker.java:677)
at org.testng.internal.invokers.TestInvoker.invokeTestMethod(TestInvoker.java:221)
at org.testng.internal.invokers.MethodRunner.runInSequence(MethodRunner.java:50)
at org.testng.internal.invokers.TestInvoker$MethodInvocationAgent.invoke(TestInvoker.java:969)
at org.testng.internal.invokers.TestInvoker.invokeTestMethods(TestInvoker.java:194)
at org.testng.internal.invokers.TestMethodWorker.invokeTestMethods(TestMethodWorker.java:148)
at org.testng.internal.invokers.TestMethodWorker.run(TestMethodWorker.java:128)
at java.base/java.util.ArrayList.forEach(ArrayList.java:1511)
at org.testng.TestRunner.privateRun(TestRunner.java:829)
at org.testng.TestRunner.run(TestRunner.java:602)
at org.testng.SuiteRunner.runTest(SuiteRunner.java:437)
at org.testng.SuiteRunner$SuiteWorker.run(SuiteRunner.java:475)
at org.testng.internal.thread.ThreadUtil.lambda$execute$0(ThreadUtil.java:58)
at java.base/java.util.concurrent.FutureTask.run(FutureTask.java:264)
at java.base/java.util.concurrent.ThreadPoolExecutor.runWorker(ThreadPoolExecutor.java:1136)
at java.base/java.util.concurrent.ThreadPoolExecutor$Worker.run(ThreadPoolExecutor.java:635)
at java.base/java.lang.Thread.run(Thread.java:833)
Caused by: com.microsoft.playwright.TimeoutError: Error {
  message='Timeout 30000ms exceeded.
=========================== logs ===========================
waiting for locator("xpath=//input[@id='username']")
============================================================
  name='TimeoutError
  stack='TimeoutError: Timeout 30000ms exceeded.
=========================== logs ===========================
waiting for locator("xpath=//input[@id='username']")
============================================================
    at ProgressController.run (C:\Users\ALEXAN~1\AppData\Local\Temp\playwright-java-5341889720305902440\package\lib\server\progress.js:93:26)
    at Frame.fill (C:\Users\ALEXAN~1\AppData\Local\Temp\playwright-java-5341889720305902440\package\lib\server\frames.js:988:23)
    at FrameDispatcher.fill (C:\Users\ALEXAN~1\AppData\Local\Temp\playwright-java-5341889720305902440\package\lib\server\dispatchers\frameDispatcher.js:158:30)
    at DispatcherConnection.dispatch (C:\Users\ALEXAN~1\AppData\Local\Temp\playwright-java-5341889720305902440\package\lib\server\dispatchers\dispatcher.js:317:46)
}
at com.microsoft.playwright.impl.Connection.dispatch(Connection.java:199)
at com.microsoft.playwright.impl.Connection.processOneMessage(Connection.java:181)
at com.microsoft.playwright.impl.ChannelOwner.runUntil(ChannelOwner.java:109)
... 34 more
]]>
    </failure>
  </testcase> <!-- loginTest -->
  <testcase classname="tests.LoginTest" name="loginTitleTest" time="0.065"/>
</testsuite> <!-- Login -->
