<?xml version="1.0" encoding="UTF-8"?>
<testng-results ignored="0" total="5" passed="4" failed="1" skipped="0">
  <reporter-output>
  </reporter-output>
  <suite started-at="2023-01-07T04:43:53 CST" name="Sanity" finished-at="2023-01-07T04:45:41 CST" duration-ms="108395">
    <groups>
    </groups>
    <test started-at="2023-01-07T04:43:53 CST" name="Main" finished-at="2023-01-07T04:45:38 CST" duration-ms="105434">
      <class name="tests.MainTest">
        <test-method is-config="true" signature="setup()[pri:0, instance:tests.MainTest@8519cb4]" started-at="2023-01-07T04:43:53 CST" name="setup" finished-at="2023-01-07T04:44:39 CST" duration-ms="45900" status="PASS">
          <reporter-output>
          </reporter-output>
        </test-method> <!-- setup -->
        <test-method signature="logoutTest(java.lang.reflect.Method)[pri:0, instance:tests.MainTest@8519cb4]" started-at="2023-01-07T04:44:39 CST" name="logoutTest" finished-at="2023-01-07T04:45:13 CST" duration-ms="34157" status="PASS">
          <params>
            <param index="0">
              <value>
                <![CDATA[public void tests.MainTest.logoutTest(java.lang.reflect.Method)]]>
              </value>
            </param>
          </params>
          <reporter-output>
          </reporter-output>
        </test-method> <!-- logoutTest -->
        <test-method is-config="true" signature="tearDown()[pri:0, instance:tests.MainTest@8519cb4]" started-at="2023-01-07T04:45:13 CST" name="tearDown" finished-at="2023-01-07T04:45:38 CST" duration-ms="25339" status="PASS">
          <reporter-output>
          </reporter-output>
        </test-method> <!-- tearDown -->
      </class> <!-- tests.MainTest -->
    </test> <!-- Main -->
    <test started-at="2023-01-07T04:43:53 CST" name="Login" finished-at="2023-01-07T04:45:41 CST" duration-ms="108395">
      <class name="tests.LoginTest">
        <test-method is-config="true" signature="setup()[pri:0, instance:tests.LoginTest@740cae06]" started-at="2023-01-07T04:43:53 CST" name="setup" finished-at="2023-01-07T04:44:28 CST" duration-ms="34643" status="PASS">
          <reporter-output>
          </reporter-output>
        </test-method> <!-- setup -->
        <test-method signature="loginPageURLTest()[pri:0, instance:tests.LoginTest@740cae06]" started-at="2023-01-07T04:44:28 CST" name="loginPageURLTest" finished-at="2023-01-07T04:44:28 CST" duration-ms="17" status="PASS">
          <reporter-output>
          </reporter-output>
        </test-method> <!-- loginPageURLTest -->
        <test-method signature="loginTest(java.lang.String,java.lang.String,java.lang.String)[pri:0, instance:tests.LoginTest@740cae06]" started-at="2023-01-07T04:44:28 CST" name="loginTest" data-provider="loginTestData" finished-at="2023-01-07T04:45:07 CST" duration-ms="39061" status="PASS">
          <params>
            <param index="0">
              <value>
                <![CDATA[Administrator]]>
              </value>
            </param>
            <param index="1">
              <value>
                <![CDATA[123456]]>
              </value>
            </param>
            <param index="2">
              <value>
                <![CDATA[valid]]>
              </value>
            </param>
          </params>
          <reporter-output>
          </reporter-output>
        </test-method> <!-- loginTest -->
        <test-method signature="loginTest(java.lang.String,java.lang.String,java.lang.String)[pri:0, instance:tests.LoginTest@740cae06]" started-at="2023-01-07T04:45:07 CST" name="loginTest" data-provider="loginTestData" finished-at="2023-01-07T04:45:37 CST" duration-ms="30034" status="FAIL">
          <params>
            <param index="0">
              <value>
                <![CDATA[Administato]]>
              </value>
            </param>
            <param index="1">
              <value>
                <![CDATA[123456]]>
              </value>
            </param>
            <param index="2">
              <value>
                <![CDATA[invalid]]>
              </value>
            </param>
          </params>
          <exception class="com.microsoft.playwright.TimeoutError">
            <message>
              <![CDATA[Error {
  message='Timeout 30000ms exceeded.
=========================== logs ===========================
waiting for locator("xpath=//input[@id='username']")
============================================================
  name='TimeoutError
  stack='TimeoutError: Timeout 30000ms exceeded.
=========================== logs ===========================
waiting for locator("xpath=//input[@id='username']")
============================================================
    at ProgressController.run (C:\Users\ALEXAN~1\AppData\Local\Temp\playwright-java-5341889720305902440\package\lib\server\progress.js:93:26)
    at Frame.fill (C:\Users\ALEXAN~1\AppData\Local\Temp\playwright-java-5341889720305902440\package\lib\server\frames.js:988:23)
    at FrameDispatcher.fill (C:\Users\ALEXAN~1\AppData\Local\Temp\playwright-java-5341889720305902440\package\lib\server\dispatchers\frameDispatcher.js:158:30)
    at DispatcherConnection.dispatch (C:\Users\ALEXAN~1\AppData\Local\Temp\playwright-java-5341889720305902440\package\lib\server\dispatchers\dispatcher.js:317:46)
}]]>
            </message>
            <full-stacktrace>
              <![CDATA[com.microsoft.playwright.TimeoutError: Error {
  message='Timeout 30000ms exceeded.
=========================== logs ===========================
waiting for locator("xpath=//input[@id='username']")
============================================================
  name='TimeoutError
  stack='TimeoutError: Timeout 30000ms exceeded.
=========================== logs ===========================
waiting for locator("xpath=//input[@id='username']")
============================================================
    at ProgressController.run (C:\Users\ALEXAN~1\AppData\Local\Temp\playwright-java-5341889720305902440\package\lib\server\progress.js:93:26)
    at Frame.fill (C:\Users\ALEXAN~1\AppData\Local\Temp\playwright-java-5341889720305902440\package\lib\server\frames.js:988:23)
    at FrameDispatcher.fill (C:\Users\ALEXAN~1\AppData\Local\Temp\playwright-java-5341889720305902440\package\lib\server\dispatchers\frameDispatcher.js:158:30)
    at DispatcherConnection.dispatch (C:\Users\ALEXAN~1\AppData\Local\Temp\playwright-java-5341889720305902440\package\lib\server\dispatchers\dispatcher.js:317:46)
}
at com.microsoft.playwright.impl.WaitableResult.get(WaitableResult.java:52)
at com.microsoft.playwright.impl.ChannelOwner.runUntil(ChannelOwner.java:111)
at com.microsoft.playwright.impl.Connection.sendMessage(Connection.java:119)
at com.microsoft.playwright.impl.ChannelOwner.sendMessage(ChannelOwner.java:102)
at com.microsoft.playwright.impl.FrameImpl.fillImpl(FrameImpl.java:339)
at com.microsoft.playwright.impl.PageImpl.lambda$fill$27(PageImpl.java:679)
at com.microsoft.playwright.impl.LoggingSupport.lambda$withLogging$0(LoggingSupport.java:36)
at com.microsoft.playwright.impl.LoggingSupport.withLogging(LoggingSupport.java:47)
at com.microsoft.playwright.impl.ChannelOwner.withLogging(ChannelOwner.java:87)
at com.microsoft.playwright.impl.LoggingSupport.withLogging(LoggingSupport.java:35)
at com.microsoft.playwright.impl.PageImpl.fill(PageImpl.java:678)
at com.microsoft.playwright.Page.fill(Page.java:4398)
at pages.LoginPage.doLogin(LoginPage.java:35)
at tests.LoginTest.loginTest(LoginTest.java:67)
at java.base/jdk.internal.reflect.NativeMethodAccessorImpl.invoke0(Native Method)
at java.base/jdk.internal.reflect.NativeMethodAccessorImpl.invoke(NativeMethodAccessorImpl.java:77)
at java.base/jdk.internal.reflect.DelegatingMethodAccessorImpl.invoke(DelegatingMethodAccessorImpl.java:43)
at java.base/java.lang.reflect.Method.invoke(Method.java:568)
at org.testng.internal.invokers.MethodInvocationHelper.invokeMethod(MethodInvocationHelper.java:139)
at org.testng.internal.invokers.TestInvoker.invokeMethod(TestInvoker.java:677)
at org.testng.internal.invokers.TestInvoker.invokeTestMethod(TestInvoker.java:221)
at org.testng.internal.invokers.MethodRunner.runInSequence(MethodRunner.java:50)
at org.testng.internal.invokers.TestInvoker$MethodInvocationAgent.invoke(TestInvoker.java:969)
at org.testng.internal.invokers.TestInvoker.invokeTestMethods(TestInvoker.java:194)
at org.testng.internal.invokers.TestMethodWorker.invokeTestMethods(TestMethodWorker.java:148)
at org.testng.internal.invokers.TestMethodWorker.run(TestMethodWorker.java:128)
at java.base/java.util.ArrayList.forEach(ArrayList.java:1511)
at org.testng.TestRunner.privateRun(TestRunner.java:829)
at org.testng.TestRunner.run(TestRunner.java:602)
at org.testng.SuiteRunner.runTest(SuiteRunner.java:437)
at org.testng.SuiteRunner$SuiteWorker.run(SuiteRunner.java:475)
at org.testng.internal.thread.ThreadUtil.lambda$execute$0(ThreadUtil.java:58)
at java.base/java.util.concurrent.FutureTask.run(FutureTask.java:264)
at java.base/java.util.concurrent.ThreadPoolExecutor.runWorker(ThreadPoolExecutor.java:1136)
at java.base/java.util.concurrent.ThreadPoolExecutor$Worker.run(ThreadPoolExecutor.java:635)
at java.base/java.lang.Thread.run(Thread.java:833)
Caused by: com.microsoft.playwright.TimeoutError: Error {
  message='Timeout 30000ms exceeded.
=========================== logs ===========================
waiting for locator("xpath=//input[@id='username']")
============================================================
  name='TimeoutError
  stack='TimeoutError: Timeout 30000ms exceeded.
=========================== logs ===========================
waiting for locator("xpath=//input[@id='username']")
============================================================
    at ProgressController.run (C:\Users\ALEXAN~1\AppData\Local\Temp\playwright-java-5341889720305902440\package\lib\server\progress.js:93:26)
    at Frame.fill (C:\Users\ALEXAN~1\AppData\Local\Temp\playwright-java-5341889720305902440\package\lib\server\frames.js:988:23)
    at FrameDispatcher.fill (C:\Users\ALEXAN~1\AppData\Local\Temp\playwright-java-5341889720305902440\package\lib\server\dispatchers\frameDispatcher.js:158:30)
    at DispatcherConnection.dispatch (C:\Users\ALEXAN~1\AppData\Local\Temp\playwright-java-5341889720305902440\package\lib\server\dispatchers\dispatcher.js:317:46)
}
at com.microsoft.playwright.impl.Connection.dispatch(Connection.java:199)
at com.microsoft.playwright.impl.Connection.processOneMessage(Connection.java:181)
at com.microsoft.playwright.impl.ChannelOwner.runUntil(ChannelOwner.java:109)
... 34 more
]]>
            </full-stacktrace>
          </exception> <!-- com.microsoft.playwright.TimeoutError -->
          <reporter-output>
          </reporter-output>
        </test-method> <!-- loginTest -->
        <test-method signature="loginTitleTest()[pri:0, instance:tests.LoginTest@740cae06]" started-at="2023-01-07T04:45:38 CST" name="loginTitleTest" finished-at="2023-01-07T04:45:38 CST" duration-ms="65" status="PASS">
          <reporter-output>
          </reporter-output>
        </test-method> <!-- loginTitleTest -->
        <test-method is-config="true" signature="tearDown()[pri:0, instance:tests.LoginTest@740cae06]" started-at="2023-01-07T04:45:38 CST" name="tearDown" finished-at="2023-01-07T04:45:41 CST" duration-ms="3683" status="PASS">
          <reporter-output>
          </reporter-output>
        </test-method> <!-- tearDown -->
      </class> <!-- tests.LoginTest -->
    </test> <!-- Login -->
  </suite> <!-- Sanity -->
</testng-results>
