<?xml version="1.0" encoding="UTF-8"?>
<testng-results ignored="0" total="5" passed="5" failed="0" skipped="0">
  <reporter-output>
  </reporter-output>
  <suite started-at="2023-01-03T03:32:28 CST" name="Default suite" finished-at="2023-01-03T03:34:17 CST" duration-ms="108336">
    <groups>
    </groups>
    <test started-at="2023-01-03T03:32:28 CST" name="Default test" finished-at="2023-01-03T03:34:17 CST" duration-ms="108336">
      <class name="tests.LoginTest">
        <test-method is-config="true" signature="setup()[pri:0, instance:tests.LoginTest@6574a52c]" started-at="2023-01-03T03:32:28 CST" name="setup" finished-at="2023-01-03T03:34:16 CST" duration-ms="107857" status="PASS">
          <reporter-output>
          </reporter-output>
        </test-method> <!-- setup -->
        <test-method signature="doLogin(java.lang.String,java.lang.String)[pri:0, instance:tests.LoginTest@6574a52c]" started-at="2023-01-03T03:34:16 CST" name="doLogin" data-provider="getCredentials" finished-at="2023-01-03T03:34:17 CST" duration-ms="173" status="PASS">
          <params>
            <param index="0">
              <value>
                <![CDATA[Administrator]]>
              </value>
            </param>
            <param index="1">
              <value>
                <![CDATA[123456]]>
              </value>
            </param>
          </params>
          <reporter-output>
          </reporter-output>
        </test-method> <!-- doLogin -->
        <test-method signature="doLogin(java.lang.String,java.lang.String)[pri:0, instance:tests.LoginTest@6574a52c]" started-at="2023-01-03T03:34:17 CST" name="doLogin" data-provider="getCredentials" finished-at="2023-01-03T03:34:17 CST" duration-ms="95" status="PASS">
          <params>
            <param index="0">
              <value>
                <![CDATA[Jack Johnson]]>
              </value>
            </param>
            <param index="1">
              <value>
                <![CDATA[123456]]>
              </value>
            </param>
          </params>
          <reporter-output>
          </reporter-output>
        </test-method> <!-- doLogin -->
        <test-method signature="doLogin(java.lang.String,java.lang.String)[pri:0, instance:tests.LoginTest@6574a52c]" started-at="2023-01-03T03:34:17 CST" name="doLogin" data-provider="getCredentials" finished-at="2023-01-03T03:34:17 CST" duration-ms="112" status="PASS">
          <params>
            <param index="0">
              <value>
                <![CDATA[Andy Hansson]]>
              </value>
            </param>
            <param index="1">
              <value>
                <![CDATA[123456]]>
              </value>
            </param>
          </params>
          <reporter-output>
          </reporter-output>
        </test-method> <!-- doLogin -->
        <test-method signature="loginPageURLTest()[pri:0, instance:tests.LoginTest@6574a52c]" started-at="2023-01-03T03:34:17 CST" name="loginPageURLTest" finished-at="2023-01-03T03:34:17 CST" duration-ms="5" status="PASS">
          <reporter-output>
          </reporter-output>
        </test-method> <!-- loginPageURLTest -->
        <test-method signature="loginTitleTest()[pri:0, instance:tests.LoginTest@6574a52c]" started-at="2023-01-03T03:34:17 CST" name="loginTitleTest" finished-at="2023-01-03T03:34:17 CST" duration-ms="6" status="PASS">
          <reporter-output>
          </reporter-output>
        </test-method> <!-- loginTitleTest -->
        <test-method is-config="true" signature="tearDown()[pri:0, instance:tests.LoginTest@6574a52c]" started-at="2023-01-03T03:34:17 CST" name="tearDown" finished-at="2023-01-03T03:34:48 CST" duration-ms="30838" status="PASS">
          <reporter-output>
          </reporter-output>
        </test-method> <!-- tearDown -->
      </class> <!-- tests.LoginTest -->
    </test> <!-- Default test -->
  </suite> <!-- Default suite -->
</testng-results>
